
  ==========================================
  Studio Pro version: 9.6.8
  Started at: 11/18/2023, 4:44:42 PM
  ==========================================
  

[2023-11-18T22:50:33.633Z] : [warn]: There is a small amount of free memory (RAM) left, 94.74% of RAM is being used (7524 MBs). The performance of Studio Pro and bots during execution may be unstable. Close applications that are not being used, increase the memory, or optimize the workflow.

[2023-11-19T03:22:19.026Z] : [info]: Internet connection // error

[2023-11-19T03:22:26.708Z] : [success]: Connection to our licenses server is restored

[2023-11-19T03:23:03.623Z] : [warn]: There is a small amount of free memory (RAM) left, 93.82% of RAM is being used (7451 MBs). The performance of Studio Pro and bots during execution may be unstable. Close applications that are not being used, increase the memory, or optimize the workflow.

[2023-11-19T04:51:26.808Z] : [warn]: There is a small amount of free memory (RAM) left, 94.3% of RAM is being used (7489 MBs). The performance of Studio Pro and bots during execution may be unstable. Close applications that are not being used, increase the memory, or optimize the workflow.

[2023-11-19T04:54:33.610Z] : [warn]: There is a small amount of free memory (RAM) left, 90.98% of RAM is being used (7226 MBs). The performance of Studio Pro and bots during execution may be unstable. Close applications that are not being used, increase the memory, or optimize the workflow.

[2023-11-19T04:57:33.616Z] : [warn]: There is a small amount of free memory (RAM) left, 91.87% of RAM is being used (7296 MBs). The performance of Studio Pro and bots during execution may be unstable. Close applications that are not being used, increase the memory, or optimize the workflow.

[2023-11-19T05:30:33.623Z] : [warn]: There is a small amount of free memory (RAM) left, 94.51% of RAM is being used (7506 MBs). The performance of Studio Pro and bots during execution may be unstable. Close applications that are not being used, increase the memory, or optimize the workflow.

[2023-11-19T05:32:31.601Z] : [info]: ---------------------------------------------

[2023-11-19T05:32:31.602Z] : [success]: Bot started

[2023-11-19T05:32:31.602Z] : [info]: Robot start

[2023-11-19T05:32:47.123Z] : [info]: {"status_text":"Internal Server Error","status_code":500,"response_body":{"message":"Could not upload the file. MulterError: File too large"}}

[2023-11-19T05:32:47.381Z] : [success]: Bot finished successfully, total execution time: 15s 775ms

[2023-11-19T05:32:47.383Z] : [info]: ---------------------------------------------

[2023-11-19T05:32:59.118Z] : [success]: Bot started

[2023-11-19T05:32:59.119Z] : [info]: Robot start

[2023-11-19T05:33:29.264Z] : [success]: Bot finished successfully, total execution time: 30s 140ms

[2023-11-19T05:33:29.266Z] : [info]: ---------------------------------------------

[2023-11-19T05:34:03.620Z] : [warn]: There is a small amount of free memory (RAM) left, 90.38% of RAM is being used (7178 MBs). The performance of Studio Pro and bots during execution may be unstable. Close applications that are not being used, increase the memory, or optimize the workflow.

[2023-11-19T05:36:09.797Z] : [success]: Bot started

[2023-11-19T05:36:09.801Z] : [info]: Robot start

[2023-11-19T05:36:43.310Z] : [success]: Bot finished successfully, total execution time: 33s 506ms

[2023-11-19T05:36:43.311Z] : [info]: ---------------------------------------------

[2023-11-19T05:37:45.027Z] : [success]: Robot saved successfully

