
  ==========================================
  Studio Pro version: 9.6.8
  Started at: 11/18/2023, 12:23:21 PM
  ==========================================
  

[2023-11-18T18:24:45.363Z] : [info]: Internet connection // error

[2023-11-18T18:24:45.457Z] : [info]: ---------------------------------------------

[2023-11-18T18:24:45.458Z] : [success]: Bot started

[2023-11-18T18:24:45.458Z] : [info]: Robot start

[2023-11-18T18:24:59.433Z] : [success]: Bot finished successfully, total execution time: 13s 975ms

[2023-11-18T18:24:59.434Z] : [info]: ---------------------------------------------

[2023-11-18T18:25:22.653Z] : [warn]: There is a small amount of free memory (RAM) left, 92.67% of RAM is being used (7360 MBs). The performance of Studio Pro and bots during execution may be unstable. Close applications that are not being used, increase the memory, or optimize the workflow.

[2023-11-18T18:27:52.629Z] : [warn]: There is a small amount of free memory (RAM) left, 90.04% of RAM is being used (7151 MBs). The performance of Studio Pro and bots during execution may be unstable. Close applications that are not being used, increase the memory, or optimize the workflow.

[2023-11-18T18:44:52.630Z] : [warn]: There is a small amount of free memory (RAM) left, 93.72% of RAM is being used (7443 MBs). The performance of Studio Pro and bots during execution may be unstable. Close applications that are not being used, increase the memory, or optimize the workflow.

[2023-11-18T18:46:22.617Z] : [warn]: There is a small amount of free memory (RAM) left, 90.25% of RAM is being used (7168 MBs). The performance of Studio Pro and bots during execution may be unstable. Close applications that are not being used, increase the memory, or optimize the workflow.

[2023-11-18T18:49:22.635Z] : [warn]: There is a small amount of free memory (RAM) left, 91.87% of RAM is being used (7296 MBs). The performance of Studio Pro and bots during execution may be unstable. Close applications that are not being used, increase the memory, or optimize the workflow.

[2023-11-18T18:52:22.639Z] : [warn]: There is a small amount of free memory (RAM) left, 93.68% of RAM is being used (7440 MBs). The performance of Studio Pro and bots during execution may be unstable. Close applications that are not being used, increase the memory, or optimize the workflow.

[2023-11-18T18:57:22.626Z] : [warn]: There is a small amount of free memory (RAM) left, 91.59% of RAM is being used (7274 MBs). The performance of Studio Pro and bots during execution may be unstable. Close applications that are not being used, increase the memory, or optimize the workflow.

[2023-11-18T19:00:22.641Z] : [warn]: There is a small amount of free memory (RAM) left, 91.41% of RAM is being used (7260 MBs). The performance of Studio Pro and bots during execution may be unstable. Close applications that are not being used, increase the memory, or optimize the workflow.

[2023-11-18T19:03:22.645Z] : [warn]: There is a small amount of free memory (RAM) left, 91.41% of RAM is being used (7260 MBs). The performance of Studio Pro and bots during execution may be unstable. Close applications that are not being used, increase the memory, or optimize the workflow.

[2023-11-18T19:03:48.302Z] : [success]: Connection to our licenses server is restored

[2023-11-18T19:03:48.454Z] : [success]: Bot started

[2023-11-18T19:03:48.456Z] : [info]: Robot start

[2023-11-18T19:04:41.900Z] : [success]: Bot finished successfully, total execution time: 53s 440ms

[2023-11-18T19:04:41.901Z] : [info]: ---------------------------------------------

[2023-11-18T19:05:22.627Z] : [warn]: There is a small amount of free memory (RAM) left, 90.9% of RAM is being used (7219 MBs). The performance of Studio Pro and bots during execution may be unstable. Close applications that are not being used, increase the memory, or optimize the workflow.

[2023-11-18T19:06:18.770Z] : [success]: Bot started

[2023-11-18T19:06:18.771Z] : [info]: Robot start

[2023-11-18T19:07:34.381Z] : [success]: Bot finished successfully, total execution time: 1m 15s 607ms

[2023-11-18T19:07:34.382Z] : [info]: ---------------------------------------------

[2023-11-18T19:07:52.627Z] : [warn]: There is a small amount of free memory (RAM) left, 90.63% of RAM is being used (7198 MBs). The performance of Studio Pro and bots during execution may be unstable. Close applications that are not being used, increase the memory, or optimize the workflow.

[2023-11-18T19:10:52.620Z] : [warn]: There is a small amount of free memory (RAM) left, 92.19% of RAM is being used (7322 MBs). The performance of Studio Pro and bots during execution may be unstable. Close applications that are not being used, increase the memory, or optimize the workflow.

[2023-11-18T19:11:24.762Z] : [info]: Internet connection // error

[2023-11-18T19:11:24.845Z] : [success]: Bot started

[2023-11-18T19:11:24.845Z] : [info]: Robot start

[2023-11-18T19:12:03.725Z] : [success]: Bot finished successfully, total execution time: 38s 880ms

[2023-11-18T19:12:03.727Z] : [info]: ---------------------------------------------

[2023-11-18T19:18:26.834Z] : [success]: Connection to our licenses server is restored

[2023-11-18T19:18:26.893Z] : [success]: Robot saved successfully

[2023-11-18T19:18:27.000Z] : [success]: Bot started

[2023-11-18T19:18:27.001Z] : [info]: Robot start

[2023-11-18T19:18:30.338Z] : [success]: Bot finished successfully, total execution time: 3s 333ms

[2023-11-18T19:18:30.339Z] : [info]: ---------------------------------------------

[2023-11-18T19:25:52.645Z] : [warn]: There is a small amount of free memory (RAM) left, 91.65% of RAM is being used (7279 MBs). The performance of Studio Pro and bots during execution may be unstable. Close applications that are not being used, increase the memory, or optimize the workflow.

[2023-11-18T19:28:51.456Z] : [info]: Internet connection // error

[2023-11-18T19:28:51.503Z] : [success]: Robot saved successfully

[2023-11-18T19:28:51.558Z] : [success]: Bot started

[2023-11-18T19:28:51.559Z] : [info]: Robot start

[2023-11-18T19:29:33.825Z] : [info]: {"status_code":null,"status_text":"request to http://localhost:6060/pdfconverter failed, reason: net::ERR_CONNECTION_RESET","response_body":null}

[2023-11-18T19:29:34.270Z] : [success]: Bot finished successfully, total execution time: 42s 710ms

[2023-11-18T19:29:34.271Z] : [info]: ---------------------------------------------

[2023-11-18T19:33:52.398Z] : [success]: Connection to our licenses server is restored

[2023-11-18T19:33:52.504Z] : [success]: Bot started

[2023-11-18T19:33:52.505Z] : [info]: Robot start

[2023-11-18T19:34:41.199Z] : [info]: {"status_code":null,"status_text":"request to http://localhost:6060/pdfconverter failed, reason: net::ERR_CONNECTION_RESET","response_body":null}

[2023-11-18T19:34:41.246Z] : [success]: Bot finished successfully, total execution time: 48s 739ms

[2023-11-18T19:34:41.247Z] : [info]: ---------------------------------------------

[2023-11-18T19:35:52.505Z] : [info]: ---------------------------------------------

[2023-11-18T19:35:52.506Z] : [success]: Bot started

[2023-11-18T19:35:52.509Z] : [info]: Robot start

[2023-11-18T19:36:32.666Z] : [info]: {"status_code":null,"status_text":"request to http://localhost:6060/pdfconverter failed, reason: net::ERR_CONNECTION_RESET","response_body":null}

[2023-11-18T19:36:33.193Z] : [success]: Bot finished successfully, total execution time: 40s 682ms

[2023-11-18T19:36:33.195Z] : [info]: ---------------------------------------------

[2023-11-18T19:38:54.175Z] : [info]: Internet connection // error

[2023-11-18T19:38:54.296Z] : [success]: Bot started

[2023-11-18T19:38:54.297Z] : [info]: Robot start

[2023-11-18T19:39:33.929Z] : [info]: {"status_code":null,"status_text":"request to http://localhost:6060/pdfconverter failed, reason: net::ERR_CONNECTION_RESET","response_body":null}

[2023-11-18T19:39:34.925Z] : [success]: Bot finished successfully, total execution time: 40s 628ms

[2023-11-18T19:39:34.926Z] : [info]: ---------------------------------------------

[2023-11-18T19:40:11.309Z] : [success]: Connection to our licenses server is restored

[2023-11-18T19:40:11.406Z] : [success]: Bot started

[2023-11-18T19:40:11.406Z] : [info]: Robot start

[2023-11-18T19:40:55.071Z] : [info]: {"status_code":null,"status_text":"request to http://localhost:6060/pdfconverter failed, reason: net::ERR_CONNECTION_RESET","response_body":null}

[2023-11-18T19:40:55.332Z] : [success]: Bot finished successfully, total execution time: 43s 920ms

[2023-11-18T19:40:55.333Z] : [info]: ---------------------------------------------

[2023-11-18T19:47:46.181Z] : [success]: Bot started

[2023-11-18T19:47:46.182Z] : [info]: Robot start

[2023-11-18T19:48:41.790Z] : [info]: {"status_code":null,"status_text":"request to http://localhost:6060/pdfconverter failed, reason: net::ERR_CONNECTION_RESET","response_body":null}

[2023-11-18T19:48:42.016Z] : [success]: Bot finished successfully, total execution time: 55s 828ms

[2023-11-18T19:48:42.018Z] : [info]: ---------------------------------------------

[2023-11-18T19:52:00.889Z] : [success]: Bot started

[2023-11-18T19:52:00.889Z] : [info]: Robot start

[2023-11-18T19:53:21.101Z] : [success]: Bot finished successfully, total execution time: 1m 20s 209ms

[2023-11-18T19:53:21.102Z] : [info]: ---------------------------------------------

[2023-11-18T19:55:52.660Z] : [warn]: There is a small amount of free memory (RAM) left, 93.24% of RAM is being used (7405 MBs). The performance of Studio Pro and bots during execution may be unstable. Close applications that are not being used, increase the memory, or optimize the workflow.

[2023-11-18T20:00:13.651Z] : [success]: Bot started

[2023-11-18T20:00:13.653Z] : [info]: Robot start

[2023-11-18T20:00:43.173Z] : [success]: Bot finished successfully, total execution time: 29s 515ms

[2023-11-18T20:00:43.176Z] : [info]: ---------------------------------------------

[2023-11-18T20:06:22.629Z] : [warn]: There is a small amount of free memory (RAM) left, 90.58% of RAM is being used (7194 MBs). The performance of Studio Pro and bots during execution may be unstable. Close applications that are not being used, increase the memory, or optimize the workflow.

[2023-11-18T20:12:06.753Z] : [success]: Bot started

[2023-11-18T20:12:06.754Z] : [info]: Robot start

[2023-11-18T20:12:31.115Z] : [success]: Bot finished successfully, total execution time: 24s 358ms

[2023-11-18T20:12:31.116Z] : [info]: ---------------------------------------------

[2023-11-18T20:25:22.637Z] : [warn]: There is a small amount of free memory (RAM) left, 93.39% of RAM is being used (7417 MBs). The performance of Studio Pro and bots during execution may be unstable. Close applications that are not being used, increase the memory, or optimize the workflow.

[2023-11-18T20:33:21.986Z] : [success]: Robot saved successfully

[2023-11-18T20:33:22.068Z] : [success]: Bot started

[2023-11-18T20:33:22.069Z] : [info]: Robot start

[2023-11-18T20:33:25.631Z] : [success]: Bot finished successfully, total execution time: 3s 559ms

[2023-11-18T20:33:25.631Z] : [info]: ---------------------------------------------

[2023-11-18T20:33:52.636Z] : [warn]: There is a small amount of free memory (RAM) left, 92.76% of RAM is being used (7367 MBs). The performance of Studio Pro and bots during execution may be unstable. Close applications that are not being used, increase the memory, or optimize the workflow.

[2023-11-18T20:35:48.943Z] : [success]: Robot saved successfully

[2023-11-18T20:35:49.016Z] : [success]: Bot started

[2023-11-18T20:35:49.017Z] : [info]: Robot start

[2023-11-18T20:35:52.342Z] : [success]: Bot finished successfully, total execution time: 3s 323ms

[2023-11-18T20:35:52.343Z] : [info]: ---------------------------------------------

[2023-11-18T20:36:48.649Z] : [success]: Robot saved successfully

[2023-11-18T20:36:48.730Z] : [success]: Bot started

[2023-11-18T20:36:48.731Z] : [info]: Robot start

[2023-11-18T20:36:52.072Z] : [error]: Selectors: Unfortunately, the Excel sheet name you're searching for is either invalid or does not exist. Check the sheet name exists and it is well written in Studion Pro and/or validate the characters formatting is correct.

[2023-11-18T20:36:52.313Z] : [info]: Total execution time: 3s 339ms

[2023-11-18T20:36:52.314Z] : [info]: ---------------------------------------------

[2023-11-18T20:38:12.247Z] : [success]: Robot saved successfully

[2023-11-18T20:38:12.330Z] : [success]: Bot started

[2023-11-18T20:38:12.331Z] : [info]: Robot start

[2023-11-18T20:38:21.235Z] : [info]: {"status_code":null,"status_text":"request to http://localhost:6060/pdfconverter failed, reason: net::ERR_CONNECTION_REFUSED","response_body":null}

[2023-11-18T20:38:22.049Z] : [success]: Bot finished successfully, total execution time: 9s 713ms

[2023-11-18T20:38:22.050Z] : [info]: ---------------------------------------------

[2023-11-18T20:38:44.304Z] : [success]: Bot started

[2023-11-18T20:38:44.305Z] : [info]: Robot start

[2023-11-18T20:38:52.650Z] : [warn]: There is a small amount of free memory (RAM) left, 90.61% of RAM is being used (7196 MBs). The performance of Studio Pro and bots during execution may be unstable. Close applications that are not being used, increase the memory, or optimize the workflow.

[2023-11-18T20:39:11.636Z] : [success]: Bot finished successfully, total execution time: 27s 326ms

[2023-11-18T20:39:11.638Z] : [info]: ---------------------------------------------

[2023-11-18T20:40:34.752Z] : [success]: Robot saved successfully

[2023-11-18T20:40:34.829Z] : [success]: Bot started

[2023-11-18T20:40:34.830Z] : [info]: Robot start

[2023-11-18T20:40:52.633Z] : [warn]: There is a small amount of free memory (RAM) left, 90.92% of RAM is being used (7221 MBs). The performance of Studio Pro and bots during execution may be unstable. Close applications that are not being used, increase the memory, or optimize the workflow.

[2023-11-18T20:41:03.424Z] : [success]: Bot finished successfully, total execution time: 28s 590ms

[2023-11-18T20:41:03.425Z] : [info]: ---------------------------------------------

[2023-11-18T20:53:54.295Z] : [success]: Robot saved successfully

[2023-11-18T20:53:54.396Z] : [success]: Bot started

[2023-11-18T20:53:54.397Z] : [info]: Robot start

[2023-11-18T20:53:59.103Z] : [success]: Bot finished successfully, total execution time: 4s 704ms

[2023-11-18T20:53:59.104Z] : [info]: ---------------------------------------------

[2023-11-18T20:54:22.640Z] : [warn]: There is a small amount of free memory (RAM) left, 90.04% of RAM is being used (7151 MBs). The performance of Studio Pro and bots during execution may be unstable. Close applications that are not being used, increase the memory, or optimize the workflow.

[2023-11-18T20:58:24.411Z] : [success]: Robot saved successfully

[2023-11-18T20:58:58.798Z] : [success]: Bot started

[2023-11-18T20:58:58.799Z] : [info]: Robot start

[2023-11-18T20:59:36.390Z] : [error]: Selectors: Cannot deserialize the current JSON array (e.g. [1,2,3]) into type 'System.Collections.Generic.IDictionary`2[System.String,System.Collections.Generic.IDictionary`2[System.String,System.String][]]' because the type requires a JSON object (e.g. {"name":"value"}) to deserialize correctly.
To fix this error either change the JSON to a JSON object (e.g. {"name":"value"}) or change the deserialized type to an array or a type that implements a collection interface (e.g. ICollection, IList) like List<T> that can be deserialized from a JSON array. JsonArrayAttribute can also be added to the type to force it to deserialize from a JSON array.
Path '', line 1, position 1.

[2023-11-18T20:59:36.878Z] : [info]: Total execution time: 37s 589ms

[2023-11-18T20:59:36.878Z] : [info]: ---------------------------------------------

[2023-11-18T21:01:41.283Z] : [success]: Robot saved successfully

[2023-11-18T21:01:45.944Z] : [success]: Bot started

[2023-11-18T21:01:45.945Z] : [info]: Robot start

[2023-11-18T21:02:18.949Z] : [info]: Selectors: Cannot deserialize the current JSON array (e.g. [1,2,3]) into type 'System.Collections.Generic.IDictionary`2[System.String,System.String]' because the type requires a JSON object (e.g. {"name":"value"}) to deserialize correctly.
To fix this error either change the JSON to a JSON object (e.g. {"name":"value"}) or change the deserialized type to an array or a type that implements a collection interface (e.g. ICollection, IList) like List<T> that can be deserialized from a JSON array. JsonArrayAttribute can also be added to the type to force it to deserialize from a JSON array.
Path 'Sheet1[0]', line 1, position 12.

[2023-11-18T21:02:19.451Z] : [success]: Bot finished successfully, total execution time: 33s 501ms

[2023-11-18T21:02:19.454Z] : [info]: ---------------------------------------------

[2023-11-18T21:03:17.029Z] : [success]: Robot saved successfully

[2023-11-18T21:03:17.122Z] : [success]: Bot started

[2023-11-18T21:03:17.123Z] : [info]: Robot start

[2023-11-18T21:03:47.041Z] : [success]: Bot finished successfully, total execution time: 29s 915ms

[2023-11-18T21:03:47.042Z] : [info]: ---------------------------------------------

[2023-11-18T21:06:34.309Z] : [success]: Bot started

[2023-11-18T21:06:34.313Z] : [info]: Robot start

[2023-11-18T21:07:09.530Z] : [success]: Bot finished successfully, total execution time: 35s 212ms

[2023-11-18T21:07:09.532Z] : [info]: ---------------------------------------------

