[2023-11-18T17:31:49.497Z] : [success]: Robot saved successfully

[2023-11-18T17:31:49.616Z] : [success]: Bot started

[2023-11-18T17:31:49.617Z] : [info]: Robot start

[2023-11-18T17:31:51.003Z] : [error]: Cannot read properties of null (reading 'Sheet2')

[2023-11-18T17:31:51.255Z] : [info]: Total execution time: 1s 386ms

[2023-11-18T17:31:51.256Z] : [info]: ---------------------------------------------

[2023-11-18T17:32:29.416Z] : [success]: Robot saved successfully

[2023-11-18T17:32:29.529Z] : [success]: Bot started

[2023-11-18T17:32:29.530Z] : [info]: Robot start

[2023-11-18T17:32:57.962Z] : [warn]: Bot is reading an Excel sheet with duplicated column headers. Only first occurences of columns with duplicated headers will be read. To avoid that, try using column letters instead of column headers.

[2023-11-18T17:32:58.102Z] : [success]: Bot finished successfully, total execution time: 28s 569ms

[2023-11-18T17:32:58.103Z] : [info]: ---------------------------------------------

[2023-11-18T17:34:00.129Z] : [warn]: There is a small amount of free memory (RAM) left, 92.38% of RAM is being used (7337 MBs). The performance of Studio Pro and bots during execution may be unstable. Close applications that are not being used, increase the memory, or optimize the workflow.

[2023-11-18T17:36:58.082Z] : [success]: Robot saved successfully

[2023-11-18T17:36:58.158Z] : [success]: Bot started

[2023-11-18T17:36:58.158Z] : [info]: Robot start

[2023-11-18T17:38:22.531Z] : [warn]: Bot is reading an Excel sheet with duplicated column headers. Only first occurences of columns with duplicated headers will be read. To avoid that, try using column letters instead of column headers.

[2023-11-18T17:38:22.695Z] : [success]: Bot finished successfully, total execution time: 1m 24s 535ms

[2023-11-18T17:38:22.696Z] : [info]: ---------------------------------------------

[2023-11-18T17:40:30.132Z] : [warn]: There is a small amount of free memory (RAM) left, 90.93% of RAM is being used (7222 MBs). The performance of Studio Pro and bots during execution may be unstable. Close applications that are not being used, increase the memory, or optimize the workflow.

[2023-11-18T17:47:50.744Z] : [success]: Robot saved successfully

[2023-11-18T17:47:50.842Z] : [success]: Bot started

[2023-11-18T17:47:50.843Z] : [info]: Robot start

[2023-11-18T17:47:54.296Z] : [success]: Bot finished successfully, total execution time: 3s 450ms

[2023-11-18T17:47:54.297Z] : [info]: ---------------------------------------------

[2023-11-18T17:53:40.817Z] : [info]: Internet connection // error

[2023-11-18T17:53:40.868Z] : [success]: Robot saved successfully

[2023-11-18T17:53:40.942Z] : [success]: Bot started

[2023-11-18T17:53:40.943Z] : [info]: Robot start

[2023-11-18T17:55:37.281Z] : [warn]: Bot is reading an Excel sheet with duplicated column headers. Only first occurences of columns with duplicated headers will be read. To avoid that, try using column letters instead of column headers.

[2023-11-18T17:55:37.325Z] : [success]: Bot finished successfully, total execution time: 1m 56s 382ms

[2023-11-18T17:55:37.326Z] : [info]: ---------------------------------------------

[2023-11-18T17:57:02.196Z] : [success]: Robot saved successfully

[2023-11-18T17:57:02.268Z] : [success]: Bot started

[2023-11-18T17:57:02.269Z] : [info]: Robot start

[2023-11-18T17:57:43.223Z] : [warn]: Bot is reading an Excel sheet with duplicated column headers. Only first occurences of columns with duplicated headers will be read. To avoid that, try using column letters instead of column headers.

[2023-11-18T17:57:44.013Z] : [success]: Bot finished successfully, total execution time: 41s 743ms

[2023-11-18T17:57:44.014Z] : [info]: ---------------------------------------------

[2023-11-18T18:14:43.337Z] : [success]: Connection to our licenses server is restored

[2023-11-18T18:14:43.385Z] : [success]: Robot saved successfully

[2023-11-18T18:14:43.494Z] : [success]: Bot started

[2023-11-18T18:14:43.495Z] : [info]: Robot start

[2023-11-18T18:14:59.450Z] : [info]: {"status_code":null,"status_text":"request to http://localhost:6060/pdfconverter failed, reason: net::ERR_CONNECTION_REFUSED","response_body":null}

[2023-11-18T18:15:00.303Z] : [success]: Bot finished successfully, total execution time: 16s 804ms

[2023-11-18T18:15:00.304Z] : [info]: ---------------------------------------------

[2023-11-18T18:15:35.699Z] : [success]: Bot started

[2023-11-18T18:15:35.700Z] : [info]: Robot start

[2023-11-18T18:16:16.740Z] : [error]: Script Stopped.

[2023-11-18T18:16:16.880Z] : [info]: ---------------------------------------------

[2023-11-18T18:17:52.628Z] : [success]: Bot started

[2023-11-18T18:17:52.628Z] : [info]: Robot start

[2023-11-18T18:18:00.101Z] : [warn]: There is a small amount of free memory (RAM) left, 93.63% of RAM is being used (7436 MBs). The performance of Studio Pro and bots during execution may be unstable. Close applications that are not being used, increase the memory, or optimize the workflow.

[2023-11-18T18:18:22.782Z] : [info]: {"status_code":null,"status_text":"request to http://localhost:6060/pdfconverter failed, reason: net::ERR_CONNECTION_RESET","response_body":null}

[2023-11-18T18:18:22.782Z] : [info]: {"status_code":null,"status_text":"request to http://localhost:6060/pdfconverter failed, reason: net::ERR_CONNECTION_RESET","response_body":null}

[2023-11-18T18:18:23.135Z] : [success]: Bot finished successfully, total execution time: 30s 501ms

[2023-11-18T18:18:23.137Z] : [info]: ---------------------------------------------

[2023-11-18T18:21:01.748Z] : [success]: Bot started

[2023-11-18T18:21:01.750Z] : [info]: Robot start

[2023-11-18T18:21:29.942Z] : [info]: {"status_code":null,"status_text":"request to http://localhost:6060/pdfconverter failed, reason: net::ERR_CONNECTION_RESET","response_body":null}

[2023-11-18T18:21:29.942Z] : [info]: {"status_code":null,"status_text":"request to http://localhost:6060/pdfconverter failed, reason: net::ERR_CONNECTION_RESET","response_body":null}

[2023-11-18T18:21:30.105Z] : [success]: Bot finished successfully, total execution time: 28s 352ms

[2023-11-18T18:21:30.106Z] : [info]: ---------------------------------------------

[2023-11-18T18:22:46.223Z] : [error]: Cannot read properties of null (reading 'type')

[2023-11-18T18:22:46.225Z] : [error]: Cannot read properties of null (reading 'type')

[2023-11-18T18:22:46.226Z] : [error]: Cannot read properties of null (reading 'type')

[2023-11-18T18:22:46.227Z] : [error]: Cannot read properties of null (reading 'type')

[2023-11-18T18:22:46.230Z] : [error]: Cannot read properties of null (reading 'type')

[2023-11-18T18:22:46.231Z] : [error]: Cannot read properties of null (reading 'type')

